2024-12-09 06:15:54 Loading main app package /usr/lib/obsidian/obsidian.asar
2024-12-09 06:15:54 Checking for update using Github
2024-12-09 06:15:54 Failed to check for update using Github (net::ERR_INTERNET_DISCONNECTED)
2024-12-09 06:15:54 Checking for update using obsidian.md
2024-12-09 06:15:54 Failed to check for update using obsidian.md (net::ERR_INTERNET_DISCONNECTED)
2024-12-09 14:49:00 Loading main app package /usr/lib/obsidian/obsidian.asar
2024-12-09 14:49:00 Checking for update using Github
2024-12-09 14:49:00 Success.
2024-12-09 14:49:00 Latest version is 1.7.7
2024-12-09 14:49:00 App is up to date.
2024-12-09 23:18:17 Loading main app package /usr/lib/obsidian/obsidian.asar
2024-12-09 23:18:17 Checking for update using Github
2024-12-09 23:22:15 Loading main app package /usr/lib/obsidian/obsidian.asar
2024-12-09 23:22:15 Checking for update using Github
2024-12-09 23:22:18 Loading main app package /usr/lib/obsidian/obsidian.asar
2024-12-09 23:22:19 Checking for update using Github
2024-12-11 21:41:46 Loading main app package /usr/lib/obsidian/obsidian.asar
2024-12-11 21:41:47 Checking for update using Github
2024-12-11 21:41:47 Success.
2024-12-11 21:41:47 Latest version is 1.7.7
2024-12-11 21:41:47 App is up to date.
2024-12-11 21:42:03 Loading main app package /usr/lib/obsidian/obsidian.asar
2024-12-11 21:42:04 Checking for update using Github
2024-12-11 21:42:04 Success.
2024-12-11 21:42:04 Latest version is 1.7.7
2024-12-11 21:42:04 App is up to date.
2024-12-12 02:31:19 Loading main app package /usr/lib/obsidian/obsidian.asar
2024-12-12 02:31:19 Checking for update using Github
2024-12-12 02:31:20 Failed to check for update using Github (net::ERR_INTERNET_DISCONNECTED)
2024-12-12 02:31:20 Checking for update using obsidian.md
2024-12-12 02:31:20 Failed to check for update using obsidian.md (net::ERR_INTERNET_DISCONNECTED)
2024-12-12 20:57:49 Loading main app package /usr/lib/obsidian/obsidian.asar
2024-12-12 20:57:49 Checking for update using Github
2024-12-12 20:57:49 Success.
2024-12-12 20:57:49 Latest version is 1.7.7
2024-12-12 20:57:49 App is up to date.
2024-12-12 21:00:35 Loading main app package /usr/lib/obsidian/obsidian.asar
2024-12-12 21:00:36 Checking for update using Github
2024-12-12 21:00:36 Success.
2024-12-12 21:00:36 Latest version is 1.7.7
2024-12-12 21:00:36 App is up to date.
2024-12-12 21:02:40 Loading main app package /usr/lib/obsidian/obsidian.asar
2024-12-12 21:02:40 Checking for update using Github
2024-12-12 21:02:40 Success.
2024-12-12 21:02:40 Latest version is 1.7.7
2024-12-12 21:02:40 App is up to date.
2024-12-12 21:03:00 Loading main app package /usr/lib/obsidian/obsidian.asar
2024-12-12 21:03:00 Checking for update using Github
2024-12-12 21:03:00 Success.
2024-12-12 21:03:00 Latest version is 1.7.7
2024-12-12 21:03:00 App is up to date.
2024-12-13 21:41:53 Loading main app package /usr/lib/obsidian/obsidian.asar
2024-12-13 21:41:53 Checking for update using Github
2024-12-13 21:41:53 Success.
2024-12-13 21:41:53 Latest version is 1.7.7
2024-12-13 21:41:53 App is up to date.
2024-12-13 21:50:47 Loading main app package /usr/lib/obsidian/obsidian.asar
2024-12-13 21:50:47 Checking for update using Github
2024-12-13 21:50:48 Success.
2024-12-13 21:50:48 Latest version is 1.7.7
2024-12-13 21:50:48 App is up to date.
2024-12-13 22:50:47 Checking for update using Github
2024-12-13 22:50:48 Success.
2024-12-13 22:50:48 Latest version is 1.7.7
2024-12-13 22:50:48 App is up to date.
2024-12-14 01:56:35 Loading main app package /usr/lib/obsidian/obsidian.asar
2024-12-14 01:56:36 Checking for update using Github
2024-12-14 01:56:36 Success.
2024-12-14 01:56:36 Latest version is 1.7.7
2024-12-14 01:56:36 App is up to date.
2024-12-14 06:43:35 Loading main app package /usr/lib/obsidian/obsidian.asar
2024-12-14 06:43:35 Checking for update using Github
2024-12-14 06:43:36 Success.
2024-12-14 06:43:36 Latest version is 1.7.7
2024-12-14 06:43:36 App is up to date.
2024-12-18 22:03:08 Loading main app package /usr/lib/obsidian/obsidian.asar
2024-12-18 22:03:08 Checking for update using Github
2024-12-18 22:03:11 Success.
2024-12-18 22:03:11 Latest version is 1.7.7
2024-12-18 22:03:11 App is up to date.
2024-12-20 22:15:49 Loading main app package /usr/lib/obsidian/obsidian.asar
2024-12-20 22:15:49 Checking for update using Github
2024-12-20 22:15:50 Success.
2024-12-20 22:15:50 Latest version is 1.7.7
2024-12-20 22:15:50 App is up to date.
2024-12-21 00:42:58 Loading main app package /usr/lib/obsidian/obsidian.asar
2024-12-21 00:42:58 Checking for update using Github
2024-12-21 00:42:59 Success.
2024-12-21 00:42:59 Latest version is 1.7.7
2024-12-21 00:42:59 App is up to date.
2024-12-21 01:42:58 Checking for update using Github
2024-12-21 01:42:59 Success.
2024-12-21 01:42:59 Latest version is 1.7.7
2024-12-21 01:42:59 App is up to date.
2024-12-21 02:42:58 Checking for update using Github
2024-12-21 02:42:59 Success.
2024-12-21 02:42:59 Latest version is 1.7.7
2024-12-21 02:42:59 App is up to date.
